<?xml version="1.0" encoding="UTF-8"?>
<!-- Generated by org.testng.reporters.JUnitReportReporter -->
<testsuite hostname="Harish-kumar" failures="0" tests="1" name="com.ecommerce.text.FBRegister" time="0.007" errors="0" timestamp="2023-07-20T09:45:01 IST" skipped="0">
  <testcase classname="com.ecommerce.text.FBRegister" name="f" time="0.007"/>
</testsuite> <!-- com.ecommerce.text.FBRegister -->
